<?xml version="1.0" encoding="UTF-8" ?>
<testsuite tests="102" failures="1" name="testFaceBookHomeTabsVarifys.TestHomeTabsVarifys" time="22.097" errors="0" skipped="101">
  <properties>
[...]
</properties>
  <testcase classname="testFaceBookHomeTabsVarifys.TestHomeTabsVarifys" name="initialization" time="5.653">
    <failure type="java.lang.NullPointerException">java.lang.NullPointerException
	at testFaceBookHomeTabsVarifys.TestHomeTabsVarifys.initialization(TestHomeTabsVarifys.java:17)
</failure>
    <system-out>Configuring TestNG with: org.apache.maven.surefire.testng.conf.TestNG652Configurator@1e81f4dc
Extent Report Directory/Users/Saqib/Documents/IntelliJ Projects/Group2AutomationFramework/FaceBook/target/surefire-reports/html
</system-out>
    <system-err>Mar 26, 2019 12:29:40 AM com.relevantcodes.extentreports.ExtentReports loadConfig
WARNING: Unable to perform report configuration. The file /Users/Saqib/Documents/IntelliJ Projects/Group2AutomationFramework/FaceBook/report-config.xml was not found.
</system-err>
  </testcase>
  <testcase classname="testFaceBookHomeTabsVarifys.TestHomeTabsVarifys" name="setUp" time="5.654">
    <skipped/>
  </testcase>
  <testcase classname="testFaceBookHomeTabsVarifys.TestHomeTabsVarifys" name="startExtent" time="5.654">
    <skipped/>
  </testcase>
  <testcase classname="testFaceBookHomeTabsVarifys.TestHomeTabsVarifys" name="testEventsTab" time="0">
    <skipped/>
  </testcase>
  <testcase classname="testFaceBookHomeTabsVarifys.TestHomeTabsVarifys" name="afterEachTestMethod" time="0.001">
    <skipped/>
  </testcase>
  <testcase classname="testFaceBookHomeTabsVarifys.TestHomeTabsVarifys" name="cleanUp" time="0.001">
    <skipped/>
  </testcase>
  <testcase classname="testFaceBookHomeTabsVarifys.TestHomeTabsVarifys" name="setUp" time="0.001">
    <skipped/>
  </testcase>
  <testcase classname="testFaceBookHomeTabsVarifys.TestHomeTabsVarifys" name="startExtent" time="0.001">
    <skipped/>
  </testcase>
  <testcase classname="testFaceBookHomeTabsVarifys.TestHomeTabsVarifys" name="testFilmTab" time="0">
    <skipped/>
  </testcase>
  <testcase classname="testFaceBookHomeTabsVarifys.TestHomeTabsVarifys" name="afterEachTestMethod" time="0">
    <skipped/>
  </testcase>
  <testcase classname="testFaceBookHomeTabsVarifys.TestHomeTabsVarifys" name="cleanUp" time="0">
    <skipped/>
  </testcase>
  <testcase classname="testFaceBookHomeTabsVarifys.TestHomeTabsVarifys" name="setUp" time="0.001">
    <skipped/>
  </testcase>
  <testcase classname="testFaceBookHomeTabsVarifys.TestHomeTabsVarifys" name="startExtent" time="0.001">
    <skipped/>
  </testcase>
  <testcase classname="testFaceBookHomeTabsVarifys.TestHomeTabsVarifys" name="testFindFriendTab" time="0">
    <skipped/>
  </testcase>
  <testcase classname="testFaceBookHomeTabsVarifys.TestHomeTabsVarifys" name="afterEachTestMethod" time="0">
    <skipped/>
  </testcase>
  <testcase classname="testFaceBookHomeTabsVarifys.TestHomeTabsVarifys" name="cleanUp" time="0">
    <skipped/>
  </testcase>
  <testcase classname="testFaceBookHomeTabsVarifys.TestHomeTabsVarifys" name="setUp" time="0">
    <skipped/>
  </testcase>
  <testcase classname="testFaceBookHomeTabsVarifys.TestHomeTabsVarifys" name="startExtent" time="0.001">
    <skipped/>
  </testcase>
  <testcase classname="testFaceBookHomeTabsVarifys.TestHomeTabsVarifys" name="testFriendListTab" time="0">
    <skipped/>
  </testcase>
  <testcase classname="testFaceBookHomeTabsVarifys.TestHomeTabsVarifys" name="afterEachTestMethod" time="0">
    <skipped/>
  </testcase>
  <testcase classname="testFaceBookHomeTabsVarifys.TestHomeTabsVarifys" name="cleanUp" time="0">
    <skipped/>
  </testcase>
  <testcase classname="testFaceBookHomeTabsVarifys.TestHomeTabsVarifys" name="setUp" time="0.001">
    <skipped/>
  </testcase>
  <testcase classname="testFaceBookHomeTabsVarifys.TestHomeTabsVarifys" name="startExtent" time="0.001">
    <skipped/>
  </testcase>
  <testcase classname="testFaceBookHomeTabsVarifys.TestHomeTabsVarifys" name="testFundRisers" time="0">
    <skipped/>
  </testcase>
  <testcase classname="testFaceBookHomeTabsVarifys.TestHomeTabsVarifys" name="afterEachTestMethod" time="0.001">
    <skipped/>
  </testcase>
  <testcase classname="testFaceBookHomeTabsVarifys.TestHomeTabsVarifys" name="cleanUp" time="0.001">
    <skipped/>
  </testcase>
  <testcase classname="testFaceBookHomeTabsVarifys.TestHomeTabsVarifys" name="setUp" time="0.001">
    <skipped/>
  </testcase>
  <testcase classname="testFaceBookHomeTabsVarifys.TestHomeTabsVarifys" name="startExtent" time="0.001">
    <skipped/>
  </testcase>
  <testcase classname="testFaceBookHomeTabsVarifys.TestHomeTabsVarifys" name="testGamesTab" time="0">
    <skipped/>
  </testcase>
  <testcase classname="testFaceBookHomeTabsVarifys.TestHomeTabsVarifys" name="afterEachTestMethod" time="0.002">
    <skipped/>
  </testcase>
  <testcase classname="testFaceBookHomeTabsVarifys.TestHomeTabsVarifys" name="cleanUp" time="0.002">
    <skipped/>
  </testcase>
  <testcase classname="testFaceBookHomeTabsVarifys.TestHomeTabsVarifys" name="setUp" time="0.002">
    <skipped/>
  </testcase>
  <testcase classname="testFaceBookHomeTabsVarifys.TestHomeTabsVarifys" name="startExtent" time="0.003">
    <skipped/>
  </testcase>
  <testcase classname="testFaceBookHomeTabsVarifys.TestHomeTabsVarifys" name="testGamingVideo" time="0">
    <skipped/>
  </testcase>
  <testcase classname="testFaceBookHomeTabsVarifys.TestHomeTabsVarifys" name="afterEachTestMethod" time="0.001">
    <skipped/>
  </testcase>
  <testcase classname="testFaceBookHomeTabsVarifys.TestHomeTabsVarifys" name="cleanUp" time="0.001">
    <skipped/>
  </testcase>
  <testcase classname="testFaceBookHomeTabsVarifys.TestHomeTabsVarifys" name="setUp" time="0.001">
    <skipped/>
  </testcase>
  <testcase classname="testFaceBookHomeTabsVarifys.TestHomeTabsVarifys" name="startExtent" time="0.001">
    <skipped/>
  </testcase>
  <testcase classname="testFaceBookHomeTabsVarifys.TestHomeTabsVarifys" name="testGroupTab" time="0.001">
    <skipped/>
  </testcase>
  <testcase classname="testFaceBookHomeTabsVarifys.TestHomeTabsVarifys" name="afterEachTestMethod" time="0.006">
    <skipped/>
  </testcase>
  <testcase classname="testFaceBookHomeTabsVarifys.TestHomeTabsVarifys" name="cleanUp" time="0.006">
    <skipped/>
  </testcase>
  <testcase classname="testFaceBookHomeTabsVarifys.TestHomeTabsVarifys" name="setUp" time="0.006">
    <skipped/>
  </testcase>
  <testcase classname="testFaceBookHomeTabsVarifys.TestHomeTabsVarifys" name="startExtent" time="0.006">
    <skipped/>
  </testcase>
  <testcase classname="testFaceBookHomeTabsVarifys.TestHomeTabsVarifys" name="testJobTab" time="0">
    <skipped/>
  </testcase>
  <testcase classname="testFaceBookHomeTabsVarifys.TestHomeTabsVarifys" name="afterEachTestMethod" time="0">
    <skipped/>
  </testcase>
  <testcase classname="testFaceBookHomeTabsVarifys.TestHomeTabsVarifys" name="cleanUp" time="0">
    <skipped/>
  </testcase>
  <testcase classname="testFaceBookHomeTabsVarifys.TestHomeTabsVarifys" name="setUp" time="0">
    <skipped/>
  </testcase>
  <testcase classname="testFaceBookHomeTabsVarifys.TestHomeTabsVarifys" name="startExtent" time="0">
    <skipped/>
  </testcase>
  <testcase classname="testFaceBookHomeTabsVarifys.TestHomeTabsVarifys" name="testMemoriesTab" time="0">
    <skipped/>
  </testcase>
  <testcase classname="testFaceBookHomeTabsVarifys.TestHomeTabsVarifys" name="afterEachTestMethod" time="0">
    <skipped/>
  </testcase>
  <testcase classname="testFaceBookHomeTabsVarifys.TestHomeTabsVarifys" name="cleanUp" time="0">
    <skipped/>
  </testcase>
  <testcase classname="testFaceBookHomeTabsVarifys.TestHomeTabsVarifys" name="setUp" time="0">
    <skipped/>
  </testcase>
  <testcase classname="testFaceBookHomeTabsVarifys.TestHomeTabsVarifys" name="startExtent" time="0">
    <skipped/>
  </testcase>
  <testcase classname="testFaceBookHomeTabsVarifys.TestHomeTabsVarifys" name="testMessegerKidsTab" time="0">
    <skipped/>
  </testcase>
  <testcase classname="testFaceBookHomeTabsVarifys.TestHomeTabsVarifys" name="afterEachTestMethod" time="0">
    <skipped/>
  </testcase>
  <testcase classname="testFaceBookHomeTabsVarifys.TestHomeTabsVarifys" name="cleanUp" time="0">
    <skipped/>
  </testcase>
  <testcase classname="testFaceBookHomeTabsVarifys.TestHomeTabsVarifys" name="setUp" time="0.005">
    <skipped/>
  </testcase>
  <testcase classname="testFaceBookHomeTabsVarifys.TestHomeTabsVarifys" name="startExtent" time="0.005">
    <skipped/>
  </testcase>
  <testcase classname="testFaceBookHomeTabsVarifys.TestHomeTabsVarifys" name="testOfferTab" time="0">
    <skipped/>
  </testcase>
  <testcase classname="testFaceBookHomeTabsVarifys.TestHomeTabsVarifys" name="afterEachTestMethod" time="0">
    <skipped/>
  </testcase>
  <testcase classname="testFaceBookHomeTabsVarifys.TestHomeTabsVarifys" name="cleanUp" time="0">
    <skipped/>
  </testcase>
  <testcase classname="testFaceBookHomeTabsVarifys.TestHomeTabsVarifys" name="setUp" time="0">
    <skipped/>
  </testcase>
  <testcase classname="testFaceBookHomeTabsVarifys.TestHomeTabsVarifys" name="startExtent" time="0">
    <skipped/>
  </testcase>
  <testcase classname="testFaceBookHomeTabsVarifys.TestHomeTabsVarifys" name="testRecomendationTab" time="0">
    <skipped/>
  </testcase>
  <testcase classname="testFaceBookHomeTabsVarifys.TestHomeTabsVarifys" name="afterEachTestMethod" time="0">
    <skipped/>
  </testcase>
  <testcase classname="testFaceBookHomeTabsVarifys.TestHomeTabsVarifys" name="cleanUp" time="0">
    <skipped/>
  </testcase>
  <testcase classname="testFaceBookHomeTabsVarifys.TestHomeTabsVarifys" name="setUp" time="0">
    <skipped/>
  </testcase>
  <testcase classname="testFaceBookHomeTabsVarifys.TestHomeTabsVarifys" name="startExtent" time="0">
    <skipped/>
  </testcase>
  <testcase classname="testFaceBookHomeTabsVarifys.TestHomeTabsVarifys" name="testSetMessengerTab" time="0">
    <skipped/>
  </testcase>
  <testcase classname="testFaceBookHomeTabsVarifys.TestHomeTabsVarifys" name="afterEachTestMethod" time="0">
    <skipped/>
  </testcase>
  <testcase classname="testFaceBookHomeTabsVarifys.TestHomeTabsVarifys" name="cleanUp" time="0">
    <skipped/>
  </testcase>
  <testcase classname="testFaceBookHomeTabsVarifys.TestHomeTabsVarifys" name="setUp" time="0.001">
    <skipped/>
  </testcase>
  <testcase classname="testFaceBookHomeTabsVarifys.TestHomeTabsVarifys" name="startExtent" time="0.001">
    <skipped/>
  </testcase>
  <testcase classname="testFaceBookHomeTabsVarifys.TestHomeTabsVarifys" name="testSetNewsFeed" time="0">
    <skipped/>
  </testcase>
  <testcase classname="testFaceBookHomeTabsVarifys.TestHomeTabsVarifys" name="afterEachTestMethod" time="0">
    <skipped/>
  </testcase>
  <testcase classname="testFaceBookHomeTabsVarifys.TestHomeTabsVarifys" name="cleanUp" time="0">
    <skipped/>
  </testcase>
  <testcase classname="testFaceBookHomeTabsVarifys.TestHomeTabsVarifys" name="setUp" time="0">
    <skipped/>
  </testcase>
  <testcase classname="testFaceBookHomeTabsVarifys.TestHomeTabsVarifys" name="startExtent" time="0">
    <skipped/>
  </testcase>
  <testcase classname="testFaceBookHomeTabsVarifys.TestHomeTabsVarifys" name="testSetPagesTab" time="0.001">
    <skipped/>
  </testcase>
  <testcase classname="testFaceBookHomeTabsVarifys.TestHomeTabsVarifys" name="afterEachTestMethod" time="0.001">
    <skipped/>
  </testcase>
  <testcase classname="testFaceBookHomeTabsVarifys.TestHomeTabsVarifys" name="cleanUp" time="0.001">
    <skipped/>
  </testcase>
  <testcase classname="testFaceBookHomeTabsVarifys.TestHomeTabsVarifys" name="setUp" time="0.001">
    <skipped/>
  </testcase>
  <testcase classname="testFaceBookHomeTabsVarifys.TestHomeTabsVarifys" name="startExtent" time="0.001">
    <skipped/>
  </testcase>
  <testcase classname="testFaceBookHomeTabsVarifys.TestHomeTabsVarifys" name="testSetWatchTab" time="0">
    <skipped/>
  </testcase>
  <testcase classname="testFaceBookHomeTabsVarifys.TestHomeTabsVarifys" name="afterEachTestMethod" time="0.002">
    <skipped/>
  </testcase>
  <testcase classname="testFaceBookHomeTabsVarifys.TestHomeTabsVarifys" name="cleanUp" time="0.002">
    <skipped/>
  </testcase>
  <testcase classname="testFaceBookHomeTabsVarifys.TestHomeTabsVarifys" name="setUp" time="0.004">
    <skipped/>
  </testcase>
  <testcase classname="testFaceBookHomeTabsVarifys.TestHomeTabsVarifys" name="startExtent" time="0.004">
    <skipped/>
  </testcase>
  <testcase classname="testFaceBookHomeTabsVarifys.TestHomeTabsVarifys" name="testSetWellcomeTab" time="0">
    <skipped/>
  </testcase>
  <testcase classname="testFaceBookHomeTabsVarifys.TestHomeTabsVarifys" name="afterEachTestMethod" time="0.001">
    <skipped/>
  </testcase>
  <testcase classname="testFaceBookHomeTabsVarifys.TestHomeTabsVarifys" name="cleanUp" time="0.001">
    <skipped/>
  </testcase>
  <testcase classname="testFaceBookHomeTabsVarifys.TestHomeTabsVarifys" name="setUp" time="0.001">
    <skipped/>
  </testcase>
  <testcase classname="testFaceBookHomeTabsVarifys.TestHomeTabsVarifys" name="startExtent" time="0.001">
    <skipped/>
  </testcase>
  <testcase classname="testFaceBookHomeTabsVarifys.TestHomeTabsVarifys" name="testTownHallTab" time="0">
    <skipped/>
  </testcase>
  <testcase classname="testFaceBookHomeTabsVarifys.TestHomeTabsVarifys" name="afterEachTestMethod" time="0">
    <skipped/>
  </testcase>
  <testcase classname="testFaceBookHomeTabsVarifys.TestHomeTabsVarifys" name="cleanUp" time="0">
    <skipped/>
  </testcase>
  <testcase classname="testFaceBookHomeTabsVarifys.TestHomeTabsVarifys" name="setUp" time="0">
    <skipped/>
  </testcase>
  <testcase classname="testFaceBookHomeTabsVarifys.TestHomeTabsVarifys" name="startExtent" time="0">
    <skipped/>
  </testcase>
  <testcase classname="testFaceBookHomeTabsVarifys.TestHomeTabsVarifys" name="testWeatherTab" time="0.001">
    <skipped/>
  </testcase>
  <testcase classname="testFaceBookHomeTabsVarifys.TestHomeTabsVarifys" name="afterEachTestMethod" time="0.001">
    <skipped/>
  </testcase>
  <testcase classname="testFaceBookHomeTabsVarifys.TestHomeTabsVarifys" name="cleanUp" time="0.002">
    <skipped/>
  </testcase>
  <testcase classname="testFaceBookHomeTabsVarifys.TestHomeTabsVarifys" name="generateReport" time="5.048">
    <skipped/>
  </testcase>
</testsuite>