<?xml version="1.0" encoding="UTF-8"?>
<!-- Generated by org.testng.reporters.JUnitXMLReporter -->
<testsuite hostname="Saqibs-MacBook-Pro.local" name="Command line test" tests="20" failures="0" timestamp="26 Mar 2019 04:29:45 GMT" time="0.043" errors="0">
  <testcase name="@BeforeClass initialization" time="0.0" classname="testFaceBookHomeTabsVarifys.TestHomeTabsVarifys">
    <failure type="java.lang.NullPointerException">
      <![CDATA[java.lang.NullPointerException
	at testFaceBookHomeTabsVarifys.TestHomeTabsVarifys.initialization(TestHomeTabsVarifys.java:17)
... Removed 33 stack frames]]>
    </failure>
  </testcase> <!-- @BeforeClass initialization -->
  <testcase name="@BeforeMethod setUp" time="0.0" classname="testFaceBookHomeTabsVarifys.TestHomeTabsVarifys">
    <skipped/>
  </testcase> <!-- @BeforeMethod setUp -->
  <testcase name="@BeforeMethod startExtent" time="0.0" classname="testFaceBookHomeTabsVarifys.TestHomeTabsVarifys">
    <skipped/>
  </testcase> <!-- @BeforeMethod startExtent -->
  <testcase name="@AfterMethod afterEachTestMethod" time="0.0" classname="testFaceBookHomeTabsVarifys.TestHomeTabsVarifys">
    <skipped/>
  </testcase> <!-- @AfterMethod afterEachTestMethod -->
  <testcase name="@AfterMethod cleanUp" time="0.0" classname="testFaceBookHomeTabsVarifys.TestHomeTabsVarifys">
    <skipped/>
  </testcase> <!-- @AfterMethod cleanUp -->
  <testcase name="@BeforeMethod setUp" time="0.0" classname="testFaceBookHomeTabsVarifys.TestHomeTabsVarifys">
    <skipped/>
  </testcase> <!-- @BeforeMethod setUp -->
  <testcase name="@BeforeMethod startExtent" time="0.0" classname="testFaceBookHomeTabsVarifys.TestHomeTabsVarifys">
    <skipped/>
  </testcase> <!-- @BeforeMethod startExtent -->
  <testcase name="@AfterMethod afterEachTestMethod" time="0.0" classname="testFaceBookHomeTabsVarifys.TestHomeTabsVarifys">
    <skipped/>
  </testcase> <!-- @AfterMethod afterEachTestMethod -->
  <testcase name="@AfterMethod cleanUp" time="0.0" classname="testFaceBookHomeTabsVarifys.TestHomeTabsVarifys">
    <skipped/>
  </testcase> <!-- @AfterMethod cleanUp -->
  <testcase name="@BeforeMethod setUp" time="0.0" classname="testFaceBookHomeTabsVarifys.TestHomeTabsVarifys">
    <skipped/>
  </testcase> <!-- @BeforeMethod setUp -->
  <testcase name="@BeforeMethod startExtent" time="0.0" classname="testFaceBookHomeTabsVarifys.TestHomeTabsVarifys">
    <skipped/>
  </testcase> <!-- @BeforeMethod startExtent -->
  <testcase name="@AfterMethod afterEachTestMethod" time="0.0" classname="testFaceBookHomeTabsVarifys.TestHomeTabsVarifys">
    <skipped/>
  </testcase> <!-- @AfterMethod afterEachTestMethod -->
  <testcase name="@AfterMethod cleanUp" time="0.0" classname="testFaceBookHomeTabsVarifys.TestHomeTabsVarifys">
    <skipped/>
  </testcase> <!-- @AfterMethod cleanUp -->
  <testcase name="@BeforeMethod setUp" time="0.0" classname="testFaceBookHomeTabsVarifys.TestHomeTabsVarifys">
    <skipped/>
  </testcase> <!-- @BeforeMethod setUp -->
  <testcase name="@BeforeMethod startExtent" time="0.0" classname="testFaceBookHomeTabsVarifys.TestHomeTabsVarifys">
    <skipped/>
  </testcase> <!-- @BeforeMethod startExtent -->
  <testcase name="@AfterMethod afterEachTestMethod" time="0.0" classname="testFaceBookHomeTabsVarifys.TestHomeTabsVarifys">
    <skipped/>
  </testcase> <!-- @AfterMethod afterEachTestMethod -->
  <testcase name="@AfterMethod cleanUp" time="0.0" classname="testFaceBookHomeTabsVarifys.TestHomeTabsVarifys">
    <skipped/>
  </testcase> <!-- @AfterMethod cleanUp -->
  <testcase name="@BeforeMethod setUp" time="0.0" classname="testFaceBookHomeTabsVarifys.TestHomeTabsVarifys">
    <skipped/>
  </testcase> <!-- @BeforeMethod setUp -->
  <testcase name="@BeforeMethod startExtent" time="0.0" classname="testFaceBookHomeTabsVarifys.TestHomeTabsVarifys">
    <skipped/>
  </testcase> <!-- @BeforeMethod startExtent -->
  <testcase name="@AfterMethod afterEachTestMethod" time="0.0" classname="testFaceBookHomeTabsVarifys.TestHomeTabsVarifys">
    <skipped/>
  </testcase> <!-- @AfterMethod afterEachTestMethod -->
  <testcase name="@AfterMethod cleanUp" time="0.0" classname="testFaceBookHomeTabsVarifys.TestHomeTabsVarifys">
    <skipped/>
  </testcase> <!-- @AfterMethod cleanUp -->
  <testcase name="@BeforeMethod setUp" time="0.0" classname="testFaceBookHomeTabsVarifys.TestHomeTabsVarifys">
    <skipped/>
  </testcase> <!-- @BeforeMethod setUp -->
  <testcase name="@BeforeMethod startExtent" time="0.0" classname="testFaceBookHomeTabsVarifys.TestHomeTabsVarifys">
    <skipped/>
  </testcase> <!-- @BeforeMethod startExtent -->
  <testcase name="@AfterMethod afterEachTestMethod" time="0.0" classname="testFaceBookHomeTabsVarifys.TestHomeTabsVarifys">
    <skipped/>
  </testcase> <!-- @AfterMethod afterEachTestMethod -->
  <testcase name="@AfterMethod cleanUp" time="0.0" classname="testFaceBookHomeTabsVarifys.TestHomeTabsVarifys">
    <skipped/>
  </testcase> <!-- @AfterMethod cleanUp -->
  <testcase name="@BeforeMethod setUp" time="0.0" classname="testFaceBookHomeTabsVarifys.TestHomeTabsVarifys">
    <skipped/>
  </testcase> <!-- @BeforeMethod setUp -->
  <testcase name="@BeforeMethod startExtent" time="0.0" classname="testFaceBookHomeTabsVarifys.TestHomeTabsVarifys">
    <skipped/>
  </testcase> <!-- @BeforeMethod startExtent -->
  <testcase name="@AfterMethod afterEachTestMethod" time="0.0" classname="testFaceBookHomeTabsVarifys.TestHomeTabsVarifys">
    <skipped/>
  </testcase> <!-- @AfterMethod afterEachTestMethod -->
  <testcase name="@AfterMethod cleanUp" time="0.0" classname="testFaceBookHomeTabsVarifys.TestHomeTabsVarifys">
    <skipped/>
  </testcase> <!-- @AfterMethod cleanUp -->
  <testcase name="@BeforeMethod setUp" time="0.0" classname="testFaceBookHomeTabsVarifys.TestHomeTabsVarifys">
    <skipped/>
  </testcase> <!-- @BeforeMethod setUp -->
  <testcase name="@BeforeMethod startExtent" time="0.0" classname="testFaceBookHomeTabsVarifys.TestHomeTabsVarifys">
    <skipped/>
  </testcase> <!-- @BeforeMethod startExtent -->
  <testcase name="@AfterMethod afterEachTestMethod" time="0.0" classname="testFaceBookHomeTabsVarifys.TestHomeTabsVarifys">
    <skipped/>
  </testcase> <!-- @AfterMethod afterEachTestMethod -->
  <testcase name="@AfterMethod cleanUp" time="0.0" classname="testFaceBookHomeTabsVarifys.TestHomeTabsVarifys">
    <skipped/>
  </testcase> <!-- @AfterMethod cleanUp -->
  <testcase name="@BeforeMethod setUp" time="0.0" classname="testFaceBookHomeTabsVarifys.TestHomeTabsVarifys">
    <skipped/>
  </testcase> <!-- @BeforeMethod setUp -->
  <testcase name="@BeforeMethod startExtent" time="0.0" classname="testFaceBookHomeTabsVarifys.TestHomeTabsVarifys">
    <skipped/>
  </testcase> <!-- @BeforeMethod startExtent -->
  <testcase name="@AfterMethod afterEachTestMethod" time="0.0" classname="testFaceBookHomeTabsVarifys.TestHomeTabsVarifys">
    <skipped/>
  </testcase> <!-- @AfterMethod afterEachTestMethod -->
  <testcase name="@AfterMethod cleanUp" time="0.0" classname="testFaceBookHomeTabsVarifys.TestHomeTabsVarifys">
    <skipped/>
  </testcase> <!-- @AfterMethod cleanUp -->
  <testcase name="@BeforeMethod setUp" time="0.0" classname="testFaceBookHomeTabsVarifys.TestHomeTabsVarifys">
    <skipped/>
  </testcase> <!-- @BeforeMethod setUp -->
  <testcase name="@BeforeMethod startExtent" time="0.0" classname="testFaceBookHomeTabsVarifys.TestHomeTabsVarifys">
    <skipped/>
  </testcase> <!-- @BeforeMethod startExtent -->
  <testcase name="@AfterMethod afterEachTestMethod" time="0.0" classname="testFaceBookHomeTabsVarifys.TestHomeTabsVarifys">
    <skipped/>
  </testcase> <!-- @AfterMethod afterEachTestMethod -->
  <testcase name="@AfterMethod cleanUp" time="0.0" classname="testFaceBookHomeTabsVarifys.TestHomeTabsVarifys">
    <skipped/>
  </testcase> <!-- @AfterMethod cleanUp -->
  <testcase name="@BeforeMethod setUp" time="0.0" classname="testFaceBookHomeTabsVarifys.TestHomeTabsVarifys">
    <skipped/>
  </testcase> <!-- @BeforeMethod setUp -->
  <testcase name="@BeforeMethod startExtent" time="0.0" classname="testFaceBookHomeTabsVarifys.TestHomeTabsVarifys">
    <skipped/>
  </testcase> <!-- @BeforeMethod startExtent -->
  <testcase name="@AfterMethod afterEachTestMethod" time="0.0" classname="testFaceBookHomeTabsVarifys.TestHomeTabsVarifys">
    <skipped/>
  </testcase> <!-- @AfterMethod afterEachTestMethod -->
  <testcase name="@AfterMethod cleanUp" time="0.0" classname="testFaceBookHomeTabsVarifys.TestHomeTabsVarifys">
    <skipped/>
  </testcase> <!-- @AfterMethod cleanUp -->
  <testcase name="@BeforeMethod setUp" time="0.0" classname="testFaceBookHomeTabsVarifys.TestHomeTabsVarifys">
    <skipped/>
  </testcase> <!-- @BeforeMethod setUp -->
  <testcase name="@BeforeMethod startExtent" time="0.0" classname="testFaceBookHomeTabsVarifys.TestHomeTabsVarifys">
    <skipped/>
  </testcase> <!-- @BeforeMethod startExtent -->
  <testcase name="@AfterMethod afterEachTestMethod" time="0.0" classname="testFaceBookHomeTabsVarifys.TestHomeTabsVarifys">
    <skipped/>
  </testcase> <!-- @AfterMethod afterEachTestMethod -->
  <testcase name="@AfterMethod cleanUp" time="0.0" classname="testFaceBookHomeTabsVarifys.TestHomeTabsVarifys">
    <skipped/>
  </testcase> <!-- @AfterMethod cleanUp -->
  <testcase name="@BeforeMethod setUp" time="0.0" classname="testFaceBookHomeTabsVarifys.TestHomeTabsVarifys">
    <skipped/>
  </testcase> <!-- @BeforeMethod setUp -->
  <testcase name="@BeforeMethod startExtent" time="0.0" classname="testFaceBookHomeTabsVarifys.TestHomeTabsVarifys">
    <skipped/>
  </testcase> <!-- @BeforeMethod startExtent -->
  <testcase name="@AfterMethod afterEachTestMethod" time="0.0" classname="testFaceBookHomeTabsVarifys.TestHomeTabsVarifys">
    <skipped/>
  </testcase> <!-- @AfterMethod afterEachTestMethod -->
  <testcase name="@AfterMethod cleanUp" time="0.0" classname="testFaceBookHomeTabsVarifys.TestHomeTabsVarifys">
    <skipped/>
  </testcase> <!-- @AfterMethod cleanUp -->
  <testcase name="@BeforeMethod setUp" time="0.0" classname="testFaceBookHomeTabsVarifys.TestHomeTabsVarifys">
    <skipped/>
  </testcase> <!-- @BeforeMethod setUp -->
  <testcase name="@BeforeMethod startExtent" time="0.0" classname="testFaceBookHomeTabsVarifys.TestHomeTabsVarifys">
    <skipped/>
  </testcase> <!-- @BeforeMethod startExtent -->
  <testcase name="@AfterMethod afterEachTestMethod" time="0.0" classname="testFaceBookHomeTabsVarifys.TestHomeTabsVarifys">
    <skipped/>
  </testcase> <!-- @AfterMethod afterEachTestMethod -->
  <testcase name="@AfterMethod cleanUp" time="0.0" classname="testFaceBookHomeTabsVarifys.TestHomeTabsVarifys">
    <skipped/>
  </testcase> <!-- @AfterMethod cleanUp -->
  <testcase name="@BeforeMethod setUp" time="0.0" classname="testFaceBookHomeTabsVarifys.TestHomeTabsVarifys">
    <skipped/>
  </testcase> <!-- @BeforeMethod setUp -->
  <testcase name="@BeforeMethod startExtent" time="0.0" classname="testFaceBookHomeTabsVarifys.TestHomeTabsVarifys">
    <skipped/>
  </testcase> <!-- @BeforeMethod startExtent -->
  <testcase name="@AfterMethod afterEachTestMethod" time="0.0" classname="testFaceBookHomeTabsVarifys.TestHomeTabsVarifys">
    <skipped/>
  </testcase> <!-- @AfterMethod afterEachTestMethod -->
  <testcase name="@AfterMethod cleanUp" time="0.0" classname="testFaceBookHomeTabsVarifys.TestHomeTabsVarifys">
    <skipped/>
  </testcase> <!-- @AfterMethod cleanUp -->
  <testcase name="@BeforeMethod setUp" time="0.0" classname="testFaceBookHomeTabsVarifys.TestHomeTabsVarifys">
    <skipped/>
  </testcase> <!-- @BeforeMethod setUp -->
  <testcase name="@BeforeMethod startExtent" time="0.0" classname="testFaceBookHomeTabsVarifys.TestHomeTabsVarifys">
    <skipped/>
  </testcase> <!-- @BeforeMethod startExtent -->
  <testcase name="@AfterMethod afterEachTestMethod" time="0.0" classname="testFaceBookHomeTabsVarifys.TestHomeTabsVarifys">
    <skipped/>
  </testcase> <!-- @AfterMethod afterEachTestMethod -->
  <testcase name="@AfterMethod cleanUp" time="0.0" classname="testFaceBookHomeTabsVarifys.TestHomeTabsVarifys">
    <skipped/>
  </testcase> <!-- @AfterMethod cleanUp -->
  <testcase name="@BeforeMethod setUp" time="0.0" classname="testFaceBookHomeTabsVarifys.TestHomeTabsVarifys">
    <skipped/>
  </testcase> <!-- @BeforeMethod setUp -->
  <testcase name="@BeforeMethod startExtent" time="0.0" classname="testFaceBookHomeTabsVarifys.TestHomeTabsVarifys">
    <skipped/>
  </testcase> <!-- @BeforeMethod startExtent -->
  <testcase name="@AfterMethod afterEachTestMethod" time="0.0" classname="testFaceBookHomeTabsVarifys.TestHomeTabsVarifys">
    <skipped/>
  </testcase> <!-- @AfterMethod afterEachTestMethod -->
  <testcase name="@AfterMethod cleanUp" time="0.0" classname="testFaceBookHomeTabsVarifys.TestHomeTabsVarifys">
    <skipped/>
  </testcase> <!-- @AfterMethod cleanUp -->
  <testcase name="@BeforeMethod setUp" time="0.0" classname="testFaceBookHomeTabsVarifys.TestHomeTabsVarifys">
    <skipped/>
  </testcase> <!-- @BeforeMethod setUp -->
  <testcase name="@BeforeMethod startExtent" time="0.0" classname="testFaceBookHomeTabsVarifys.TestHomeTabsVarifys">
    <skipped/>
  </testcase> <!-- @BeforeMethod startExtent -->
  <testcase name="@AfterMethod afterEachTestMethod" time="0.0" classname="testFaceBookHomeTabsVarifys.TestHomeTabsVarifys">
    <skipped/>
  </testcase> <!-- @AfterMethod afterEachTestMethod -->
  <testcase name="@AfterMethod cleanUp" time="0.0" classname="testFaceBookHomeTabsVarifys.TestHomeTabsVarifys">
    <skipped/>
  </testcase> <!-- @AfterMethod cleanUp -->
  <testcase name="@BeforeMethod setUp" time="0.0" classname="testFaceBookHomeTabsVarifys.TestHomeTabsVarifys">
    <skipped/>
  </testcase> <!-- @BeforeMethod setUp -->
  <testcase name="@BeforeMethod startExtent" time="0.0" classname="testFaceBookHomeTabsVarifys.TestHomeTabsVarifys">
    <skipped/>
  </testcase> <!-- @BeforeMethod startExtent -->
  <testcase name="@AfterMethod afterEachTestMethod" time="0.0" classname="testFaceBookHomeTabsVarifys.TestHomeTabsVarifys">
    <skipped/>
  </testcase> <!-- @AfterMethod afterEachTestMethod -->
  <testcase name="@AfterMethod cleanUp" time="0.0" classname="testFaceBookHomeTabsVarifys.TestHomeTabsVarifys">
    <skipped/>
  </testcase> <!-- @AfterMethod cleanUp -->
  <testcase name="@BeforeMethod setUp" time="0.0" classname="testFaceBookHomeTabsVarifys.TestHomeTabsVarifys">
    <skipped/>
  </testcase> <!-- @BeforeMethod setUp -->
  <testcase name="@BeforeMethod startExtent" time="0.0" classname="testFaceBookHomeTabsVarifys.TestHomeTabsVarifys">
    <skipped/>
  </testcase> <!-- @BeforeMethod startExtent -->
  <testcase name="@AfterMethod afterEachTestMethod" time="0.0" classname="testFaceBookHomeTabsVarifys.TestHomeTabsVarifys">
    <skipped/>
  </testcase> <!-- @AfterMethod afterEachTestMethod -->
  <testcase name="@AfterMethod cleanUp" time="0.0" classname="testFaceBookHomeTabsVarifys.TestHomeTabsVarifys">
    <skipped/>
  </testcase> <!-- @AfterMethod cleanUp -->
  <testcase name="testEventsTab" time="0.001" classname="testFaceBookHomeTabsVarifys.TestHomeTabsVarifys">
    <skipped/>
  </testcase> <!-- testEventsTab -->
  <testcase name="testFilmTab" time="0.001" classname="testFaceBookHomeTabsVarifys.TestHomeTabsVarifys">
    <skipped/>
  </testcase> <!-- testFilmTab -->
  <testcase name="testFindFriendTab" time="0.0" classname="testFaceBookHomeTabsVarifys.TestHomeTabsVarifys">
    <skipped/>
  </testcase> <!-- testFindFriendTab -->
  <testcase name="testFriendListTab" time="0.001" classname="testFaceBookHomeTabsVarifys.TestHomeTabsVarifys">
    <skipped/>
  </testcase> <!-- testFriendListTab -->
  <testcase name="testFundRisers" time="0.0" classname="testFaceBookHomeTabsVarifys.TestHomeTabsVarifys">
    <skipped/>
  </testcase> <!-- testFundRisers -->
  <testcase name="testGamesTab" time="0.0" classname="testFaceBookHomeTabsVarifys.TestHomeTabsVarifys">
    <skipped/>
  </testcase> <!-- testGamesTab -->
  <testcase name="testGamingVideo" time="0.0" classname="testFaceBookHomeTabsVarifys.TestHomeTabsVarifys">
    <skipped/>
  </testcase> <!-- testGamingVideo -->
  <testcase name="testGroupTab" time="0.0" classname="testFaceBookHomeTabsVarifys.TestHomeTabsVarifys">
    <skipped/>
  </testcase> <!-- testGroupTab -->
  <testcase name="testJobTab" time="0.0" classname="testFaceBookHomeTabsVarifys.TestHomeTabsVarifys">
    <skipped/>
  </testcase> <!-- testJobTab -->
  <testcase name="testMemoriesTab" time="0.0" classname="testFaceBookHomeTabsVarifys.TestHomeTabsVarifys">
    <skipped/>
  </testcase> <!-- testMemoriesTab -->
  <testcase name="testMessegerKidsTab" time="0.0" classname="testFaceBookHomeTabsVarifys.TestHomeTabsVarifys">
    <skipped/>
  </testcase> <!-- testMessegerKidsTab -->
  <testcase name="testOfferTab" time="0.0" classname="testFaceBookHomeTabsVarifys.TestHomeTabsVarifys">
    <skipped/>
  </testcase> <!-- testOfferTab -->
  <testcase name="testRecomendationTab" time="0.0" classname="testFaceBookHomeTabsVarifys.TestHomeTabsVarifys">
    <skipped/>
  </testcase> <!-- testRecomendationTab -->
  <testcase name="testSetMessengerTab" time="0.0" classname="testFaceBookHomeTabsVarifys.TestHomeTabsVarifys">
    <skipped/>
  </testcase> <!-- testSetMessengerTab -->
  <testcase name="testSetNewsFeed" time="0.0" classname="testFaceBookHomeTabsVarifys.TestHomeTabsVarifys">
    <skipped/>
  </testcase> <!-- testSetNewsFeed -->
  <testcase name="testSetPagesTab" time="0.0" classname="testFaceBookHomeTabsVarifys.TestHomeTabsVarifys">
    <skipped/>
  </testcase> <!-- testSetPagesTab -->
  <testcase name="testSetWatchTab" time="0.0" classname="testFaceBookHomeTabsVarifys.TestHomeTabsVarifys">
    <skipped/>
  </testcase> <!-- testSetWatchTab -->
  <testcase name="testSetWellcomeTab" time="0.0" classname="testFaceBookHomeTabsVarifys.TestHomeTabsVarifys">
    <skipped/>
  </testcase> <!-- testSetWellcomeTab -->
  <testcase name="testTownHallTab" time="0.0" classname="testFaceBookHomeTabsVarifys.TestHomeTabsVarifys">
    <skipped/>
  </testcase> <!-- testTownHallTab -->
  <testcase name="testWeatherTab" time="0.001" classname="testFaceBookHomeTabsVarifys.TestHomeTabsVarifys">
    <skipped/>
  </testcase> <!-- testWeatherTab -->
</testsuite> <!-- Command line test -->
