<?xml version="1.0" encoding="UTF-8"?>
<!-- Generated by org.testng.reporters.JUnitXMLReporter -->
<testsuite hostname="Mohammads-MacBook-Pro-4.local" tests="8" failures="0" timestamp="26 Mar 2019 05:24:55 GMT" time="200.297" errors="0">
  <testcase name="testHomepageTitle" time="0.021" classname="TestHomePage"/>
  <testcase name="clickCategoriesTest" time="37.654" classname="TestHomePage"/>
  <testcase name="search" time="17.862" classname="TestHomePage"/>
  <testcase name="testCustomerService" time="7.08" classname="TestHomePage"/>
  <testcase name="searchMacbook" time="9.498" classname="TestHomePage"/>
  <testcase name="clickLocationsTab" time="21.818" classname="TestHomePage"/>
  <testcase name="testDropDown" time="6.438" classname="TestHomePage"/>
  <testcase name="searchInGrocery" time="9.934" classname="TestHomePage"/>
</testsuite>
